\BOOKMARK [1][-]{section.1}{\376\377\143\011\117\115\177\156\136\372\176\277\153\265\150\021\166\204\127\372\170\100\136\224\165\050}{}% 1
\BOOKMARK [2][-]{subsection.1.1}{\376\377\116\000\174\173\226\276\160\271\127\050\123\072\225\364\124\010\136\166\116\016\176\364\142\244\117\341\140\157\166\204\176\277\153\265\150\021\225\356\230\230}{section.1}% 2
\BOOKMARK [3][-]{subsubsection.1.1.1}{\376\377\116\316\173\200\123\125\140\305\121\265\137\000\131\313\122\006\147\220}{subsection.1.1}% 3
\BOOKMARK [3][-]{subsubsection.1.1.2}{\376\377\122\006\147\220\230\230\166\356\140\047\215\050}{subsection.1.1}% 4
\BOOKMARK [2][-]{subsection.1.2}{\376\377\116\000\174\173\226\276\160\271\127\050\131\004\164\006\150\007\213\260\166\204\176\277\153\265\150\021\225\356\230\230}{section.1}% 5
\BOOKMARK [3][-]{subsubsection.1.2.1}{\376\377\116\316\121\150\134\100\121\372\123\321\377\014\116\000\171\315\040\034\144\315\117\134\202\345\136\162\153\041\134\061\116\015\121\215\147\011\145\110\040\035\166\204\225\356\230\230}{subsection.1.2}% 6
\BOOKMARK [3][-]{subsubsection.1.2.2}{\376\377\150\007\213\260\154\070\116\105\123\026}{subsection.1.2}% 7
\BOOKMARK [3][-]{subsubsection.1.2.3}{\376\377\123\072\225\364\147\000\120\074\144\315\117\134\116\016\123\206\123\362\147\000\120\074\213\342\225\356}{subsection.1.2}% 8
\BOOKMARK [1][-]{section.2}{\376\377\147\103\120\074\176\277\153\265\150\021\166\204\127\372\170\100\136\224\165\050}{}% 9
\BOOKMARK [2][-]{subsection.2.1}{\376\377\121\105\137\123\146\156\220\032\136\163\210\141\150\021}{section.2}% 10
\BOOKMARK [1][-]{section.3}{\376\377\123\357\143\001\116\105\123\026\176\277\153\265\150\021\166\204\127\372\170\100\136\224\165\050}{}% 11
\BOOKMARK [2][-]{subsection.3.1}{\376\377\116\000\174\173\176\364\142\244\136\217\122\027\116\055\147\320\116\052\123\072\225\364\117\341\140\157\166\204\225\356\230\230}{section.3}% 12
\BOOKMARK [1][-]{section.4}{\376\377\122\250\140\001\137\000\160\271\176\277\153\265\150\021\166\204\127\372\170\100\136\224\165\050}{}% 13
\BOOKMARK [1][-]{section.5}{\376\377\176\277\153\265\150\021\124\010\136\166\166\204\127\372\170\100\136\224\165\050}{}% 14
\BOOKMARK [2][-]{subsection.5.1}{\376\377\116\000\174\173\200\003\206\121\133\120\150\021\133\371\162\066\116\262\166\204\215\041\163\056\166\204\225\356\230\230}{section.5}% 15
\BOOKMARK [1][-]{section.6}{\376\377\176\277\153\265\150\021\131\127\176\277\153\265\150\021\166\204\127\372\170\100\136\224\165\050}{}% 16
\BOOKMARK [1][-]{section.7}{\376\377\176\277\153\265\150\021\117\134\116\072\217\205\122\251\145\160\143\156\176\323\147\204\166\204\116\000\116\233\225\356\230\230}{}% 17
\BOOKMARK [2][-]{subsection.7.1}{\376\377\165\050\176\277\153\265\150\021\117\030\123\026\000d\000p}{section.7}% 18
\BOOKMARK [2][-]{subsection.7.2}{\376\377\165\050\176\277\153\265\150\021\122\044\145\255\133\214\177\216\123\071\221\115}{section.7}% 19
\BOOKMARK [2][-]{subsection.7.3}{\376\377\165\050\176\277\153\265\150\021\152\041\142\337\215\071\165\050\155\101}{section.7}% 20
\BOOKMARK [1][-]{section.8}{\376\377\176\277\153\265\150\021\225\356\230\230\166\204\116\000\116\233\134\017\142\200\135\347}{}% 21
\BOOKMARK [2][-]{subsection.8.1}{\376\377\116\013\150\007\147\011\121\163}{section.8}% 22
\BOOKMARK [2][-]{subsection.8.2}{\376\377\116\000\174\173\121\163\116\216\133\120\116\062\166\204\225\356\230\230}{section.8}% 23
